<?xml version="1.0" encoding="UTF-8"?>
<testsuite xmlns:xsi="http://www.w3.org/2001/XMLSchema-instance" xsi:noNamespaceSchemaLocation="https://maven.apache.org/surefire/maven-surefire-plugin/xsd/surefire-test-report.xsd" name="com.app.service2.impl.test.AppServiceImplTest" time="0.003" tests="4" errors="2" skipped="0" failures="0">
  <properties>
[...]
</properties>
  <testcase name="testIsValidPrimeNumberForNegativeNumber" classname="com.app.service2.impl.test.AppServiceImplTest" time="0"/>
  <testcase name="testIsValidPrimeNumberForTrue" classname="com.app.service2.impl.test.AppServiceImplTest" time="0.001">
    <error message="org/junit/Assert" type="java.lang.NoClassDefFoundError">java.lang.NoClassDefFoundError: org/junit/Assert
	at com.app.service2.impl.test.AppServiceImplTest.testIsValidPrimeNumberForTrue(AppServiceImplTest.java:25)
Caused by: java.lang.ClassNotFoundException: org.junit.Assert
	at com.app.service2.impl.test.AppServiceImplTest.testIsValidPrimeNumberForTrue(AppServiceImplTest.java:25)
</error>
  </testcase>
  <testcase name="testIsValidMobileNumberForException" classname="com.app.service2.impl.test.AppServiceImplTest" time="0.001"/>
  <testcase name="testIsValidMobileNumberForTrue" classname="com.app.service2.impl.test.AppServiceImplTest" time="0.001">
    <error message="org/junit/Assert" type="java.lang.NoClassDefFoundError">java.lang.NoClassDefFoundError: org/junit/Assert
	at com.app.service2.impl.test.AppServiceImplTest.testIsValidMobileNumberForTrue(AppServiceImplTest.java:35)
</error>
  </testcase>
</testsuite>